<?xml version="1.0" encoding="UTF-8"?>
<!-- Generated by org.testng.reporters.JUnitXMLReporter -->
<testsuite ignored="0" hostname="DESKTOP-8CTCSTI" failures="0" tests="3" name="ChromeTest" time="32.873" errors="0" timestamp="2022-03-17T11:21:29 IST">
  <testcase classname="com.mystore.testcases.IndexPageTest" name="verifyLogo" time="0.196"/>
  <testcase classname="com.mystore.testcases.IndexPageTest" name="verifyLogo" time="9.822"/>
  <testcase classname="com.mystore.testcases.IndexPageTest" name="verifyTitle" time="0.0">
    <skipped/>
  </testcase> <!-- verifyTitle -->
</testsuite> <!-- ChromeTest -->
